d:\certificate\nier_automata_ending_e\nierplane-new\nierplane\release\vc143.pdb
d:\certificate\nier_automata_ending_e\nierplane-new\nierplane\release\particle_planehit2.obj
d:\certificate\nier_automata_ending_e\nierplane-new\nierplane\release\particle_planehit1.obj
d:\certificate\nier_automata_ending_e\nierplane-new\nierplane\release\particle_onstagepoint2.obj
d:\certificate\nier_automata_ending_e\nierplane-new\nierplane\release\particle_onstagepoint.obj
d:\certificate\nier_automata_ending_e\nierplane-new\nierplane\release\particle_onstagehalo.obj
d:\certificate\nier_automata_ending_e\nierplane-new\nierplane\release\particle_hithalo.obj
d:\certificate\nier_automata_ending_e\nierplane-new\nierplane\release\particle_enemyhit3.obj
d:\certificate\nier_automata_ending_e\nierplane-new\nierplane\release\particle_enemyhit2.obj
d:\certificate\nier_automata_ending_e\nierplane-new\nierplane\release\particle_enemyhit1.obj
d:\certificate\nier_automata_ending_e\nierplane-new\nierplane\release\particle_enemyboom.obj
d:\certificate\nier_automata_ending_e\nierplane-new\nierplane\release\particle_cube3d.obj
d:\certificate\nier_automata_ending_e\nierplane-new\nierplane\release\particle.obj
d:\certificate\nier_automata_ending_e\nierplane-new\nierplane\release\nierplane.obj
d:\certificate\nier_automata_ending_e\nierplane-new\nierplane\release\mymusic.obj
d:\certificate\nier_automata_ending_e\nierplane-new\nierplane\release\musicmci.obj
d:\certificate\nier_automata_ending_e\nierplane-new\nierplane\release\gamemain.obj
d:\certificate\nier_automata_ending_e\nierplane-new\nierplane\release\enemybullet_2.obj
d:\certificate\nier_automata_ending_e\nierplane-new\nierplane\release\enemybullet.obj
d:\certificate\nier_automata_ending_e\nierplane-new\nierplane\release\enemy.obj
d:\certificate\nier_automata_ending_e\nierplane-new\nierplane\release\bullet.obj
d:\certificate\nier_automata_ending_e\nierplane-new\nierplane\release\surprise.obj
d:\certificate\nier_automata_ending_e\nierplane-new\nierplane\release\starting.obj
d:\certificate\nier_automata_ending_e\nierplane-new\nierplane\release\player.obj
d:\certificate\nier_automata_ending_e\nierplane-new\nierplane\release\particle_smallsquare.obj
d:\certificate\nier_automata_ending_e\nierplane-new\nierplane\release\particle_planehit4.obj
d:\certificate\nier_automata_ending_e\nierplane-new\nierplane\release\particle_planehit3.obj
d:\certificate\nier_automata_ending_e\nierplane-new\release\nierplane.exe
d:\certificate\nier_automata_ending_e\nierplane-new\nierplane\release\nierplane.ipdb
d:\certificate\nier_automata_ending_e\nierplane-new\nierplane\release\nierplane.iobj
d:\certificate\nier_automata_ending_e\nierplane-new\release\nierplane.pdb
d:\certificate\nier_automata_ending_e\nierplane-new\nierplane\release\nierplane.tlog\cl.command.1.tlog
d:\certificate\nier_automata_ending_e\nierplane-new\nierplane\release\nierplane.tlog\cl.items.tlog
d:\certificate\nier_automata_ending_e\nierplane-new\nierplane\release\nierplane.tlog\cl.read.1.tlog
d:\certificate\nier_automata_ending_e\nierplane-new\nierplane\release\nierplane.tlog\cl.write.1.tlog
d:\certificate\nier_automata_ending_e\nierplane-new\nierplane\release\nierplane.tlog\link.command.1.tlog
d:\certificate\nier_automata_ending_e\nierplane-new\nierplane\release\nierplane.tlog\link.read.1.tlog
d:\certificate\nier_automata_ending_e\nierplane-new\nierplane\release\nierplane.tlog\link.write.1.tlog
